<?xml version="1.0" encoding="UTF-8"?>
<!-- Generated by org.testng.reporters.JUnitXMLReporter -->
<testsuite ignored="0" hostname="Bapu-PC" failures="0" tests="3" name="Default test" time="69.287" errors="0" timestamp="2024-03-14T16:14:09 IST">
  <testcase classname="Automation.testCasesFolder1.loginPageTestCases" name="loginNew" time="1.268"/>
  <testcase classname="Automation.testCasesFolder1.loginPageTestCases" name="loginSuccess" time="2.42"/>
  <testcase classname="Automation.testCasesFolder1.loginPageTestCases" name="loginUnsuccess" time="1.089"/>
</testsuite> <!-- Default test -->
